# x, y, theta, v_l, v_r
50.02, 250.12, 1.322, 24.93, 0.00
50.14, 250.60, 1.322, 49.95, 49.95
50.14, 250.60, 0.323, 49.95, -49.95
50.61, 250.76, 0.323, 49.95, 49.95
50.61, 250.76, -0.677, 49.95, -49.95
50.61, 250.76, -1.676, 49.95, -49.95
50.56, 250.27, -1.676, 49.95, 49.95
50.56, 250.27, -2.675, 49.95, -49.95
50.11, 250.04, -2.675, 49.95, 49.95
50.11, 250.04, 2.610, 49.95, -49.95
49.68, 250.29, 2.610, 49.95, 49.95
49.68, 250.29, 1.611, 49.95, -49.95
49.66, 250.79, 1.611, 49.95, 49.95
49.64, 251.29, 1.611, 49.95, 49.95
49.62, 251.79, 1.611, 49.95, 49.95
49.62, 251.79, 0.612, 49.95, -49.95
49.62, 251.79, -0.387, 49.95, -49.95
50.09, 251.60, -0.387, 49.95, 49.95
50.09, 251.60, -1.386, 49.95, -49.95
50.09, 251.60, -2.386, 49.95, -49.95
50.09, 251.60, 2.899, 49.95, -49.95
49.60, 251.72, 2.899, 49.95, 49.95
49.12, 251.84, 2.899, 49.95, 49.95
48.63, 251.96, 2.899, 49.95, 49.95
48.15, 252.08, 2.899, 49.95, 49.95
47.66, 252.20, 2.899, 49.95, 49.95
47.18, 252.32, 2.899, 49.95, 49.95
47.18, 252.32, 1.900, 49.95, -49.95
47.02, 252.80, 1.900, 49.95, 49.95
47.02, 252.80, 0.901, 49.95, -49.95
47.33, 253.19, 0.901, 49.95, 49.95
47.64, 253.58, 0.901, 49.95, 49.95
47.64, 253.58, -0.098, 49.95, -49.95
48.13, 253.53, -0.098, 49.95, 49.95
48.13, 253.53, -1.097, 49.95, -49.95
48.36, 253.09, -1.097, 49.95, 49.95
48.59, 252.64, -1.097, 49.95, 49.95
48.59, 252.64, -2.096, 49.95, -49.95
48.34, 252.21, -2.096, 49.95, 49.95
48.34, 252.21, -3.095, 49.95, -49.95
48.34, 252.21, 2.189, 49.95, -49.95
48.05, 252.62, 2.189, 49.95, 49.95
48.05, 252.62, 1.190, 49.95, -49.95
48.05, 252.62, 0.191, 49.95, -49.95
48.54, 252.71, 0.191, 49.95, 49.95
48.54, 252.71, -0.808, 49.95, -49.95
48.54, 252.71, -1.807, 49.95, -49.95
48.42, 252.22, -1.807, 49.95, 49.95
48.42, 252.22, -2.806, 49.95, -49.95
47.95, 252.06, -2.806, 49.95, 49.95
47.95, 252.06, 2.478, 49.95, -49.95
47.95, 252.06, 1.479, 49.95, -49.95
48.00, 252.56, 1.479, 49.95, 49.95
48.04, 253.06, 1.479, 49.95, 49.95
48.09, 253.55, 1.479, 49.95, 49.95
48.09, 253.55, 0.480, 49.95, -49.95
48.09, 253.55, -0.519, 49.95, -49.95
48.52, 253.30, -0.519, 49.95, 49.95
48.96, 253.06, -0.519, 49.95, 49.95
48.96, 253.06, -1.518, 49.95, -49.95
48.98, 252.56, -1.518, 49.95, 49.95
48.98, 252.56, -2.517, 49.95, -49.95
48.98, 252.56, 2.767, 49.95, -49.95
48.52, 252.74, 2.767, 49.95, 49.95
48.05, 252.92, 2.767, 49.95, 49.95
48.05, 252.92, 1.768, 49.95, -49.95
47.95, 253.41, 1.768, 49.95, 49.95
47.95, 253.41, 0.769, 49.95, -49.95
47.95, 253.41, -0.230, 49.95, -49.95
47.95, 253.41, -1.229, 49.95, -49.95
48.12, 252.94, -1.229, 49.95, 49.95
48.29, 252.47, -1.229, 49.95, 49.95
48.29, 252.47, -2.228, 49.95, -49.95
47.98, 252.08, -2.228, 49.95, 49.95
47.68, 251.68, -2.228, 49.95, 49.95
47.68, 251.68, 3.056, 49.95, -49.95
47.18, 251.72, 3.056, 49.95, 49.95
46.68, 251.77, 3.056, 49.95, 49.95
46.68, 251.77, 2.057, 49.95, -49.95
46.45, 252.21, 2.057, 49.95, 49.95
46.22, 252.65, 2.057, 49.95, 49.95
45.98, 253.09, 2.057, 49.95, 49.95
45.75, 253.53, 2.057, 49.95, 49.95
45.52, 253.98, 2.057, 49.95, 49.95
45.28, 254.42, 2.057, 49.95, 49.95
45.28, 254.42, 1.058, 49.95, -49.95
45.28, 254.42, 0.059, 49.95, -49.95
45.78, 254.45, 0.059, 49.95, 49.95
46.28, 254.48, 0.059, 49.95, 49.95
46.78, 254.51, 0.059, 49.95, 49.95
47.28, 254.53, 0.059, 49.95, 49.95
47.28, 254.53, -0.940, 49.95, -49.95
47.57, 254.13, -0.940, 49.95, 49.95
47.57, 254.13, -1.939, 49.95, -49.95
47.57, 254.13, -2.938, 49.95, -49.95
47.08, 254.03, -2.938, 49.95, 49.95
46.59, 253.93, -2.938, 49.95, 49.95
46.59, 253.93, 2.346, 49.95, -49.95
46.59, 253.93, 1.347, 49.95, -49.95
46.59, 253.93, 0.348, 49.95, -49.95
47.06, 254.10, 0.348, 49.95, 49.95
47.06, 254.10, -0.651, 49.95, -49.95
47.06, 254.10, -1.650, 49.95, -49.95
47.06, 254.10, -2.649, 49.95, -49.95
47.06, 254.10, 2.635, 49.95, -49.95
46.63, 254.34, 2.635, 49.95, 49.95
46.19, 254.58, 2.635, 49.95, 49.95
45.75, 254.83, 2.635, 49.95, 49.95
45.32, 255.07, 2.635, 49.95, 49.95
45.32, 255.07, 1.636, 49.95, -49.95
45.32, 255.07, 0.637, 49.95, -49.95
45.72, 255.37, 0.637, 49.95, 49.95
46.12, 255.66, 0.637, 49.95, 49.95
46.12, 255.66, -0.362, 49.95, -49.95
46.59, 255.49, -0.362, 49.95, 49.95
46.59, 255.49, -1.361, 49.95, -49.95
46.69, 255.00, -1.361, 49.95, 49.95
46.79, 254.51, -1.361, 49.95, 49.95
46.79, 254.51, -2.360, 49.95, -49.95
46.44, 254.16, -2.360, 49.95, 49.95
46.44, 254.16, 2.924, 49.95, -49.95
46.44, 254.16, 1.925, 49.95, -49.95
46.27, 254.63, 1.925, 49.95, 49.95
46.09, 255.09, 1.925, 49.95, 49.95
46.09, 255.09, 0.926, 49.95, -49.95
46.39, 255.49, 0.926, 49.95, 49.95
46.69, 255.89, 0.926, 49.95, 49.95
46.99, 256.29, 0.926, 49.95, 49.95
46.99, 256.29, -0.073, 49.95, -49.95
47.49, 256.26, -0.073, 49.95, 49.95
47.49, 256.26, -1.072, 49.95, -49.95
47.73, 255.82, -1.072, 49.95, 49.95
47.73, 255.82, -2.071, 49.95, -49.95
47.49, 255.38, -2.071, 49.95, 49.95
47.49, 255.38, -3.070, 49.95, -49.95
47.49, 255.38, 2.214, 49.95, -49.95
47.49, 255.38, 1.215, 49.95, -49.95
47.67, 255.85, 1.215, 49.95, 49.95
47.67, 255.85, 0.216, 49.95, -49.95
47.67, 255.85, -0.783, 49.95, -49.95
48.02, 255.49, -0.783, 49.95, 49.95
48.37, 255.14, -0.783, 49.95, 49.95
48.73, 254.79, -0.783, 49.95, 49.95
48.73, 254.79, -1.782, 49.95, -49.95
48.62, 254.30, -1.782, 49.95, 49.95
48.62, 254.30, -2.781, 49.95, -49.95
48.16, 254.13, -2.781, 49.95, 49.95
48.16, 254.13, 2.503, 49.95, -49.95
47.75, 254.42, 2.503, 49.95, 49.95
47.35, 254.72, 2.503, 49.95, 49.95
47.35, 254.72, 1.504, 49.95, -49.95
47.39, 255.22, 1.504, 49.95, 49.95
47.39, 255.22, 0.505, 49.95, -49.95
47.82, 255.46, 0.505, 49.95, 49.95
48.26, 255.70, 0.505, 49.95, 49.95
48.26, 255.70, -0.494, 49.95, -49.95
48.70, 255.47, -0.494, 49.95, 49.95
48.70, 255.47, -1.493, 49.95, -49.95
48.70, 255.47, -2.492, 49.95, -49.95
48.30, 255.16, -2.492, 49.95, 49.95
47.91, 254.86, -2.492, 49.95, 49.95
47.91, 254.86, 2.792, 49.95, -49.95
47.91, 254.86, 1.793, 49.95, -49.95
47.80, 255.35, 1.793, 49.95, 49.95
47.80, 255.35, 0.794, 49.95, -49.95
47.80, 255.35, -0.205, 49.95, -49.95
48.28, 255.25, -0.205, 49.95, 49.95
48.28, 255.25, -1.204, 49.95, -49.95
48.28, 255.25, -2.203, 49.95, -49.95
47.99, 254.84, -2.203, 49.95, 49.95
47.69, 254.44, -2.203, 49.95, 49.95
47.40, 254.04, -2.203, 49.95, 49.95
47.10, 253.63, -2.203, 49.95, 49.95
46.81, 253.23, -2.203, 49.95, 49.95
46.81, 253.23, 3.081, 49.95, -49.95
46.31, 253.26, 3.081, 49.95, 49.95
46.31, 253.26, 2.082, 49.95, -49.95
46.07, 253.70, 2.082, 49.95, 49.95
46.07, 253.70, 1.083, 49.95, -49.95
46.30, 254.14, 1.083, 49.95, 49.95
46.53, 254.58, 1.083, 49.95, 49.95
46.53, 254.58, 0.084, 49.95, -49.95
46.53, 254.58, -0.915, 49.95, -49.95
46.84, 254.18, -0.915, 49.95, 49.95
47.14, 253.79, -0.915, 49.95, 49.95
47.45, 253.39, -0.915, 49.95, 49.95
47.45, 253.39, -1.914, 49.95, -49.95
47.28, 252.92, -1.914, 49.95, 49.95
47.28, 252.92, -2.913, 49.95, -49.95
46.79, 252.81, -2.913, 49.95, 49.95
46.31, 252.70, -2.913, 49.95, 49.95
46.31, 252.70, 2.371, 49.95, -49.95
46.31, 252.70, 1.372, 49.95, -49.95
46.31, 252.70, 0.373, 49.95, -49.95
46.77, 252.88, 0.373, 49.95, 49.95
46.77, 252.88, -0.626, 49.95, -49.95
47.18, 252.59, -0.626, 49.95, 49.95
47.58, 252.29, -0.626, 49.95, 49.95
47.58, 252.29, -1.625, 49.95, -49.95
47.58, 252.29, -2.624, 49.95, -49.95
47.15, 252.05, -2.624, 49.95, 49.95
47.15, 252.05, 2.660, 49.95, -49.95
46.70, 252.28, 2.660, 49.95, 49.95
46.26, 252.51, 2.660, 49.95, 49.95
46.26, 252.51, 1.661, 49.95, -49.95
46.22, 253.01, 1.661, 49.95, 49.95
46.22, 253.01, 0.662, 49.95, -49.95
46.22, 253.01, -0.337, 49.95, -49.95
46.69, 252.84, -0.337, 49.95, 49.95
46.69, 252.84, -1.336, 49.95, -49.95
46.69, 252.84, -2.335, 49.95, -49.95
46.34, 252.48, -2.335, 49.95, 49.95
46.34, 252.48, 2.949, 49.95, -49.95
46.34, 252.48, 1.950, 49.95, -49.95
46.34, 252.48, 0.951, 49.95, -49.95
46.34, 252.48, -0.048, 49.95, -49.95
46.84, 252.46, -0.048, 49.95, 49.95
47.34, 252.43, -0.048, 49.95, 49.95
47.34, 252.43, -1.047, 49.95, -49.95
47.59, 252.00, -1.047, 49.95, 49.95
47.59, 252.00, -2.046, 49.95, -49.95
47.36, 251.56, -2.046, 49.95, 49.95
47.36, 251.56, -3.045, 49.95, -49.95
46.86, 251.51, -3.045, 49.95, 49.95
46.86, 251.51, 2.239, 49.95, -49.95
46.86, 251.51, 1.240, 49.95, -49.95
46.86, 251.51, 0.241, 49.95, -49.95
46.86, 251.51, -0.758, 49.95, -49.95
46.86, 251.51, -1.757, 49.95, -49.95
46.86, 251.51, -2.756, 49.95, -49.95
46.86, 251.51, 2.528, 49.95, -49.95
46.86, 251.51, 1.529, 49.95, -49.95
46.86, 251.51, 0.530, 49.95, -49.95
46.86, 251.51, -0.469, 49.95, -49.95
46.86, 251.51, -1.468, 49.95, -49.95
46.86, 251.51, -2.467, 49.95, -49.95
46.86, 251.51, 2.817, 49.95, -49.95
46.86, 251.51, 1.818, 49.95, -49.95
46.86, 251.51, 0.819, 49.95, -49.95
46.86, 251.51, -0.180, 49.95, -49.95
46.86, 251.51, -1.179, 49.95, -49.95
46.86, 251.51, -2.178, 49.95, -49.95
46.86, 251.51, 3.106, 49.95, -49.95
46.86, 251.51, 2.107, 49.95, -49.95
46.86, 251.51, 1.108, 49.95, -49.95
46.86, 251.51, 0.109, 49.95, -49.95
46.86, 251.51, -0.890, 49.95, -49.95
46.86, 251.51, -1.889, 49.95, -49.95
46.86, 251.51, -2.888, 49.95, -49.95
46.86, 251.51, 2.396, 49.95, -49.95
46.86, 251.51, 1.397, 49.95, -49.95
46.86, 251.51, 0.398, 49.95, -49.95
46.86, 251.51, -0.601, 49.95, -49.95
46.86, 251.51, -1.600, 49.95, -49.95
46.86, 251.51, -2.599, 49.95, -49.95
46.86, 251.51, 2.686, 49.95, -49.95
46.86, 251.51, 1.686, 49.95, -49.95
46.86, 251.51, 0.687, 49.95, -49.95
46.86, 251.51, -0.312, 49.95, -49.95
46.86, 251.51, -1.311, 49.95, -49.95
46.86, 251.51, -2.310, 49.95, -49.95
46.86, 251.51, 2.975, 49.95, -49.95
46.86, 251.51, 1.976, 49.95, -49.95
46.86, 251.51, 0.977, 49.95, -49.95
46.86, 251.51, -0.022, 49.95, -49.95
46.86, 251.51, -1.022, 49.95, -49.95
46.86, 251.51, -2.021, 49.95, -49.95
46.86, 251.51, -3.020, 49.95, -49.95
46.86, 251.51, 2.265, 49.95, -49.95
46.86, 251.51, 1.266, 49.95, -49.95
46.86, 251.51, 0.267, 49.95, -49.95
46.86, 251.51, -0.732, 49.95, -49.95
46.86, 251.51, -1.731, 49.95, -49.95
46.86, 251.51, -2.731, 49.95, -49.95
46.86, 251.51, 2.554, 49.95, -49.95
46.86, 251.51, 1.555, 49.95, -49.95
46.86, 251.51, 0.556, 49.95, -49.95
46.86, 251.51, -0.443, 49.95, -49.95
46.86, 251.51, -1.442, 49.95, -49.95
46.86, 251.51, -2.441, 49.95, -49.95
46.86, 251.51, 2.843, 49.95, -49.95
46.86, 251.51, 1.844, 49.95, -49.95
46.86, 251.51, 0.845, 49.95, -49.95
46.86, 251.51, -0.154, 49.95, -49.95
46.86, 251.51, -1.153, 49.95, -49.95
46.86, 251.51, -2.152, 49.95, -49.95
46.86, 251.51, 3.132, 49.95, -49.95
46.86, 251.51, 2.133, 49.95, -49.95
46.86, 251.51, 1.134, 49.95, -49.95
46.86, 251.51, 0.135, 49.95, -49.95
46.86, 251.51, -0.864, 49.95, -49.95
46.86, 251.51, -1.863, 49.95, -49.95
46.86, 251.51, -2.862, 49.95, -49.95
46.86, 251.51, 2.422, 49.95, -49.95
46.86, 251.51, 1.423, 49.95, -49.95
46.86, 251.51, 0.424, 49.95, -49.95
46.86, 251.51, -0.575, 49.95, -49.95
46.86, 251.51, -1.574, 49.95, -49.95
46.86, 251.51, -2.573, 49.95, -49.95
46.86, 251.51, 2.711, 49.95, -49.95
46.86, 251.51, 1.712, 49.95, -49.95
46.86, 251.51, 0.713, 49.95, -49.95
46.86, 251.51, -0.286, 49.95, -49.95
46.86, 251.51, -1.285, 49.95, -49.95
46.86, 251.51, -2.284, 49.95, -49.95
46.86, 251.51, 3.000, 49.95, -49.95
46.86, 251.51, 2.001, 49.95, -49.95
46.86, 251.51, 1.002, 49.95, -49.95
46.86, 251.51, 0.003, 49.95, -49.95
